10/20/2020 05:01:26 PM: INFO: hi i am amol kale
10/20/2020 05:05:56 PM: INFO: hi i am amol kale
10/20/2020 05:06:23 PM: INFO: hi i am amol kale
10/20/2020 05:06:57 PM: INFO: hi i am amol kale
10/20/2020 05:08:56 PM: INFO: hi i am amol raje
10/20/2020 05:35:50 PM: INFO: This message should go to the log file
10/20/2020 06:21:56 PM: INFO: This message should go to the log file
11/02/2020 09:10:23 AM: INFO: *******Test_002_DDT_Login*********
11/02/2020 09:10:23 AM: INFO: ****Started Login Test****
11/02/2020 09:10:38 AM: INFO: ***passed***
11/02/2020 09:10:40 AM: INFO: Login DDt test passed.....
11/02/2020 09:10:40 AM: INFO: ****** End of Login DDT Test*****
11/02/2020 09:10:40 AM: INFO: ******* completed TC_LoginDDT_002*****
11/02/2020 09:10:45 AM: INFO: Login DDt test passed.....
11/02/2020 09:10:45 AM: INFO: ****** End of Login DDT Test*****
11/02/2020 09:10:45 AM: INFO: ******* completed TC_LoginDDT_002*****
11/02/2020 09:10:51 AM: INFO: Login DDt test passed.....
11/02/2020 09:10:51 AM: INFO: ****** End of Login DDT Test*****
11/02/2020 09:10:51 AM: INFO: ******* completed TC_LoginDDT_002*****
11/02/2020 09:10:57 AM: INFO: Login DDt test passed.....
11/02/2020 09:10:57 AM: INFO: ****** End of Login DDT Test*****
11/02/2020 09:10:57 AM: INFO: ******* completed TC_LoginDDT_002*****
11/02/2020 09:11:04 AM: INFO: *************** Test_001_Login *****************
11/02/2020 09:11:04 AM: INFO: ****Started Home page title test ****
11/02/2020 09:11:04 AM: INFO: ****Opening URL****
11/02/2020 09:11:08 AM: INFO: **** Home page title test passed ****
11/02/2020 09:11:16 AM: INFO: ****Started Login Test****
11/02/2020 09:11:24 AM: INFO: ****Login test passed ****
11/02/2020 09:18:15 AM: INFO: *******Test_002_DDT_Login*********
11/02/2020 09:18:15 AM: INFO: ****Started Login Test****
11/02/2020 09:18:31 AM: INFO: ***passed***
11/02/2020 09:18:33 AM: INFO: Login DDt test passed.....
11/02/2020 09:18:33 AM: INFO: ****** End of Login DDT Test*****
11/02/2020 09:18:33 AM: INFO: ******* completed TC_LoginDDT_002*****
11/02/2020 09:18:38 AM: INFO: Login DDt test passed.....
11/02/2020 09:18:38 AM: INFO: ****** End of Login DDT Test*****
11/02/2020 09:18:38 AM: INFO: ******* completed TC_LoginDDT_002*****
11/02/2020 09:18:44 AM: INFO: Login DDt test passed.....
11/02/2020 09:18:44 AM: INFO: ****** End of Login DDT Test*****
11/02/2020 09:18:44 AM: INFO: ******* completed TC_LoginDDT_002*****
11/02/2020 09:18:50 AM: INFO: Login DDt test passed.....
11/02/2020 09:18:50 AM: INFO: ****** End of Login DDT Test*****
11/02/2020 09:18:50 AM: INFO: ******* completed TC_LoginDDT_002*****
11/02/2020 09:18:55 AM: INFO: *************** Test_001_Login *****************
11/02/2020 09:18:55 AM: INFO: ****Started Home page title test ****
11/02/2020 09:18:55 AM: INFO: ****Opening URL****
11/02/2020 09:18:58 AM: INFO: **** Home page title test passed ****
11/02/2020 09:19:02 AM: INFO: ****Started Login Test****
11/02/2020 09:19:10 AM: INFO: ****Login test passed ****
11/02/2020 09:22:06 AM: INFO: *******Test_002_DDT_Login*********
11/02/2020 09:22:06 AM: INFO: ****Started Login Test****
11/02/2020 09:22:19 AM: INFO: ***passed***
11/02/2020 09:22:21 AM: INFO: Login DDt test passed.....
11/02/2020 09:22:21 AM: INFO: ****** End of Login DDT Test*****
11/02/2020 09:22:21 AM: INFO: ******* completed TC_LoginDDT_002*****
11/02/2020 09:22:26 AM: INFO: Login DDt test passed.....
11/02/2020 09:22:26 AM: INFO: ****** End of Login DDT Test*****
11/02/2020 09:22:26 AM: INFO: ******* completed TC_LoginDDT_002*****
11/02/2020 09:22:32 AM: INFO: Login DDt test passed.....
11/02/2020 09:22:32 AM: INFO: ****** End of Login DDT Test*****
11/02/2020 09:22:32 AM: INFO: ******* completed TC_LoginDDT_002*****
11/02/2020 09:22:38 AM: INFO: Login DDt test passed.....
11/02/2020 09:22:38 AM: INFO: ****** End of Login DDT Test*****
11/02/2020 09:22:38 AM: INFO: ******* completed TC_LoginDDT_002*****
11/02/2020 09:22:43 AM: INFO: *************** Test_001_Login *****************
11/02/2020 09:22:43 AM: INFO: ****Started Home page title test ****
11/02/2020 09:22:43 AM: INFO: ****Opening URL****
11/02/2020 09:22:46 AM: INFO: **** Home page title test passed ****
11/02/2020 09:22:49 AM: INFO: ****Started Login Test****
11/02/2020 09:22:58 AM: INFO: ****Login test passed ****
11/02/2020 09:33:47 AM: INFO: *******Test_002_DDT_Login*********
11/02/2020 09:33:47 AM: INFO: ****Started Login Test****
11/02/2020 09:42:08 AM: INFO: *******Test_002_DDT_Login*********
11/02/2020 09:42:08 AM: INFO: ****Started Login Test****
11/02/2020 09:42:22 AM: INFO: ***passed***
11/02/2020 09:42:25 AM: INFO: Login DDt test passed.....
11/02/2020 09:42:25 AM: INFO: ****** End of Login DDT Test*****
11/02/2020 09:42:25 AM: INFO: ******* completed TC_LoginDDT_002*****
11/02/2020 09:42:30 AM: INFO: Login DDt test passed.....
11/02/2020 09:42:30 AM: INFO: ****** End of Login DDT Test*****
11/02/2020 09:42:30 AM: INFO: ******* completed TC_LoginDDT_002*****
11/02/2020 09:42:36 AM: INFO: Login DDt test passed.....
11/02/2020 09:42:36 AM: INFO: ****** End of Login DDT Test*****
11/02/2020 09:42:36 AM: INFO: ******* completed TC_LoginDDT_002*****
11/02/2020 09:42:42 AM: INFO: Login DDt test passed.....
11/02/2020 09:42:42 AM: INFO: ****** End of Login DDT Test*****
11/02/2020 09:42:42 AM: INFO: ******* completed TC_LoginDDT_002*****
11/02/2020 09:42:47 AM: INFO: *************** Test_001_Login *****************
11/02/2020 09:42:47 AM: INFO: ****Started Home page title test ****
11/02/2020 09:42:47 AM: INFO: ****Opening URL****
11/02/2020 09:42:51 AM: INFO: **** Home page title test passed ****
11/02/2020 09:42:54 AM: INFO: ****Started Login Test****
11/02/2020 09:43:04 AM: INFO: ****Login test passed ****
11/02/2020 09:47:02 AM: INFO: *******Test_002_DDT_Login*********
11/02/2020 09:47:02 AM: INFO: ****Started Login Test****
11/02/2020 09:47:16 AM: INFO: ***passed***
11/02/2020 09:47:18 AM: INFO: Login DDt test passed.....
11/02/2020 09:47:18 AM: INFO: ****** End of Login DDT Test*****
11/02/2020 09:47:18 AM: INFO: ******* completed TC_LoginDDT_002*****
11/02/2020 09:47:23 AM: INFO: Login DDt test passed.....
11/02/2020 09:47:23 AM: INFO: ****** End of Login DDT Test*****
11/02/2020 09:47:23 AM: INFO: ******* completed TC_LoginDDT_002*****
11/02/2020 09:47:29 AM: INFO: Login DDt test passed.....
11/02/2020 09:47:29 AM: INFO: ****** End of Login DDT Test*****
11/02/2020 09:47:29 AM: INFO: ******* completed TC_LoginDDT_002*****
11/02/2020 09:47:35 AM: INFO: Login DDt test passed.....
11/02/2020 09:47:35 AM: INFO: ****** End of Login DDT Test*****
11/02/2020 09:47:35 AM: INFO: ******* completed TC_LoginDDT_002*****
11/02/2020 09:47:40 AM: INFO: *************** Test_001_Login *****************
11/02/2020 09:47:40 AM: INFO: ****Started Home page title test ****
11/02/2020 09:47:40 AM: INFO: ****Opening URL****
11/02/2020 09:47:44 AM: INFO: **** Home page title test passed ****
11/02/2020 09:47:51 AM: INFO: ****Started Login Test****
11/02/2020 09:48:00 AM: INFO: ****Login test passed ****
11/02/2020 09:49:01 AM: INFO: *******Test_002_DDT_Login*********
11/02/2020 09:49:01 AM: INFO: ****Started Login Test****
11/02/2020 09:49:15 AM: INFO: ***passed***
11/02/2020 09:49:16 AM: INFO: Login DDt test passed.....
11/02/2020 09:49:16 AM: INFO: ****** End of Login DDT Test*****
11/02/2020 09:49:16 AM: INFO: ******* completed TC_LoginDDT_002*****
11/02/2020 09:49:22 AM: INFO: Login DDt test passed.....
11/02/2020 09:49:22 AM: INFO: ****** End of Login DDT Test*****
11/02/2020 09:49:22 AM: INFO: ******* completed TC_LoginDDT_002*****
11/02/2020 09:49:27 AM: INFO: Login DDt test passed.....
11/02/2020 09:49:27 AM: INFO: ****** End of Login DDT Test*****
11/02/2020 09:49:27 AM: INFO: ******* completed TC_LoginDDT_002*****
11/02/2020 09:49:33 AM: INFO: Login DDt test passed.....
11/02/2020 09:49:33 AM: INFO: ****** End of Login DDT Test*****
11/02/2020 09:49:33 AM: INFO: ******* completed TC_LoginDDT_002*****
11/02/2020 09:49:39 AM: INFO: *************** Test_001_Login *****************
11/02/2020 09:49:39 AM: INFO: ****Started Home page title test ****
11/02/2020 09:49:39 AM: INFO: ****Opening URL****
11/02/2020 09:49:43 AM: INFO: **** Home page title test passed ****
11/02/2020 09:49:46 AM: INFO: ****Started Login Test****
11/02/2020 09:49:55 AM: INFO: ****Login test passed ****
11/02/2020 10:01:05 AM: INFO: *******Test_002_DDT_Login*********
11/02/2020 10:01:05 AM: INFO: ****Started Login Test****
11/02/2020 10:01:18 AM: INFO: ***passed***
11/02/2020 10:01:20 AM: INFO: Login DDt test passed.....
11/02/2020 10:01:20 AM: INFO: ****** End of Login DDT Test*****
11/02/2020 10:01:20 AM: INFO: ******* completed TC_LoginDDT_002*****
11/02/2020 10:01:25 AM: INFO: Login DDt test passed.....
11/02/2020 10:01:25 AM: INFO: ****** End of Login DDT Test*****
11/02/2020 10:01:25 AM: INFO: ******* completed TC_LoginDDT_002*****
11/02/2020 10:01:31 AM: INFO: Login DDt test passed.....
11/02/2020 10:01:31 AM: INFO: ****** End of Login DDT Test*****
11/02/2020 10:01:31 AM: INFO: ******* completed TC_LoginDDT_002*****
11/02/2020 10:01:37 AM: INFO: Login DDt test passed.....
11/02/2020 10:01:37 AM: INFO: ****** End of Login DDT Test*****
11/02/2020 10:01:37 AM: INFO: ******* completed TC_LoginDDT_002*****
11/02/2020 10:01:43 AM: INFO: *************** Test_001_Login *****************
11/02/2020 10:01:43 AM: INFO: ****Started Home page title test ****
11/02/2020 10:01:43 AM: INFO: ****Opening URL****
11/02/2020 10:01:47 AM: INFO: **** Home page title test passed ****
11/02/2020 10:01:51 AM: INFO: ****Started Login Test****
11/02/2020 10:01:58 AM: INFO: ****Login test passed ****
11/02/2020 11:50:21 AM: INFO: ******Test_003_addcustomer********
11/02/2020 11:50:29 AM: INFO: ************* Login succesful **********
11/02/2020 11:50:29 AM: INFO: ******* Starting Add Customer Test **********
11/02/2020 11:50:39 AM: INFO: *******Test_002_DDT_Login*********
11/02/2020 11:50:39 AM: INFO: ****Started Login Test****
11/02/2020 11:50:53 AM: INFO: ***passed***
11/02/2020 11:50:55 AM: INFO: Login DDt test passed.....
11/02/2020 11:50:55 AM: INFO: ****** End of Login DDT Test*****
11/02/2020 11:50:55 AM: INFO: ******* completed TC_LoginDDT_002*****
11/02/2020 11:51:01 AM: INFO: Login DDt test passed.....
11/02/2020 11:51:01 AM: INFO: ****** End of Login DDT Test*****
11/02/2020 11:51:01 AM: INFO: ******* completed TC_LoginDDT_002*****
11/02/2020 11:51:07 AM: INFO: Login DDt test passed.....
11/02/2020 11:51:07 AM: INFO: ****** End of Login DDT Test*****
11/02/2020 11:51:07 AM: INFO: ******* completed TC_LoginDDT_002*****
11/02/2020 11:51:13 AM: INFO: Login DDt test passed.....
11/02/2020 11:51:13 AM: INFO: ****** End of Login DDT Test*****
11/02/2020 11:51:13 AM: INFO: ******* completed TC_LoginDDT_002*****
11/02/2020 11:51:19 AM: INFO: *************** Test_001_Login *****************
11/02/2020 11:51:19 AM: INFO: ****Started Home page title test ****
11/02/2020 11:51:19 AM: INFO: ****Opening URL****
11/02/2020 11:51:23 AM: INFO: **** Home page title test passed ****
11/02/2020 11:51:27 AM: INFO: ****Started Login Test****
11/02/2020 11:51:36 AM: INFO: ****Login test passed ****
11/02/2020 11:53:04 AM: INFO: ******Test_003_addcustomer********
11/02/2020 11:53:14 AM: INFO: ************* Login succesful **********
11/02/2020 11:53:14 AM: INFO: ******* Starting Add Customer Test **********
11/02/2020 12:06:04 PM: INFO: ******Test_003_addcustomer********
11/02/2020 12:06:14 PM: INFO: ************* Login succesful **********
11/02/2020 12:06:14 PM: INFO: ******* Starting Add Customer Test **********
11/02/2020 12:13:43 PM: INFO: ******Test_003_addcustomer********
11/02/2020 12:13:54 PM: INFO: ************* Login succesful **********
11/02/2020 12:13:54 PM: INFO: ******* Starting Add Customer Test **********
11/02/2020 12:14:07 PM: INFO: ************* Providing customer info **********
11/02/2020 12:15:56 PM: INFO: ******Test_003_addcustomer********
11/02/2020 12:16:07 PM: INFO: ************* Login succesful **********
11/02/2020 12:16:07 PM: INFO: ******* Starting Add Customer Test **********
11/02/2020 12:16:21 PM: INFO: ************* Providing customer info **********
11/02/2020 12:19:40 PM: INFO: ******Test_003_addcustomer********
11/02/2020 12:19:51 PM: INFO: ************* Login succesful **********
11/02/2020 12:19:51 PM: INFO: ******* Starting Add Customer Test **********
11/02/2020 12:20:06 PM: INFO: ************* Providing customer info **********
11/02/2020 12:21:24 PM: INFO: ******Test_003_addcustomer********
11/02/2020 12:21:34 PM: INFO: ************* Login succesful **********
11/02/2020 12:21:34 PM: INFO: ******* Starting Add Customer Test **********
11/02/2020 12:21:43 PM: INFO: ************* Providing customer info **********
11/02/2020 12:23:51 PM: INFO: ******Test_003_addcustomer********
11/02/2020 12:24:00 PM: INFO: ************* Login succesful **********
11/02/2020 12:24:00 PM: INFO: ******* Starting Add Customer Test **********
11/02/2020 12:24:40 PM: INFO: ******Test_003_addcustomer********
11/02/2020 12:24:48 PM: INFO: ************* Login succesful **********
11/02/2020 12:24:48 PM: INFO: ******* Starting Add Customer Test **********
11/02/2020 12:26:29 PM: INFO: ******Test_003_addcustomer********
11/02/2020 12:26:38 PM: INFO: ************* Login succesful **********
11/02/2020 12:26:38 PM: INFO: ******* Starting Add Customer Test **********
11/02/2020 12:26:50 PM: INFO: ************* Providing customer info **********
11/02/2020 12:27:04 PM: INFO: ************* Saving customer info **********
11/02/2020 12:27:04 PM: INFO: ********* Add customer validation started ****************
11/02/2020 12:27:04 PM: ERROR: ********* Add customer Test Failed ************
11/02/2020 12:29:11 PM: INFO: ******Test_003_addcustomer********
11/02/2020 12:29:22 PM: INFO: ************* Login succesful **********
11/02/2020 12:29:22 PM: INFO: ******* Starting Add Customer Test **********
11/02/2020 12:29:34 PM: INFO: ************* Providing customer info **********
11/02/2020 12:29:47 PM: INFO: ************* Saving customer info **********
11/02/2020 12:29:47 PM: INFO: ********* Add customer validation started ****************
11/02/2020 12:29:47 PM: ERROR: ********* Add customer Test Failed ************
11/02/2020 12:31:45 PM: INFO: ******Test_003_addcustomer********
11/02/2020 12:31:54 PM: INFO: ************* Login succesful **********
11/02/2020 12:31:54 PM: INFO: ******* Starting Add Customer Test **********
11/02/2020 12:32:06 PM: INFO: ************* Providing customer info **********
11/02/2020 12:32:20 PM: INFO: ************* Saving customer info **********
11/02/2020 12:32:20 PM: INFO: ********* Add customer validation started ****************
11/02/2020 12:32:20 PM: ERROR: ********* Add customer Test Failed ************
11/02/2020 12:34:15 PM: INFO: ******Test_003_addcustomer********
11/02/2020 12:34:24 PM: INFO: ************* Login succesful **********
11/02/2020 12:34:24 PM: INFO: ******* Starting Add Customer Test **********
11/02/2020 12:34:35 PM: INFO: ************* Providing customer info **********
11/02/2020 12:37:02 PM: INFO: ******Test_003_addcustomer********
11/02/2020 12:37:13 PM: INFO: ************* Login succesful **********
11/02/2020 12:37:13 PM: INFO: ******* Starting Add Customer Test **********
11/02/2020 12:37:26 PM: INFO: ************* Providing customer info **********
11/02/2020 12:37:44 PM: INFO: ************* Saving customer info **********
11/02/2020 12:37:44 PM: INFO: ********* Add customer validation started ****************
11/02/2020 12:37:44 PM: INFO: ********* Add customer Test Passed *********
11/02/2020 12:37:44 PM: INFO: ******* Ending Add customer test **********
11/02/2020 04:15:40 PM: INFO: *************** Test_004_Login *****************
11/02/2020 04:15:40 PM: INFO: ****Started searchCustomerByEmail test ****
11/02/2020 04:15:50 PM: INFO: ***** Login successfully*******
11/02/2020 04:15:50 PM: INFO: ******* Starting Search Customer By Email **********
11/02/2020 04:15:52 PM: INFO: ****successfully landing on search customer page*********
11/02/2020 04:15:52 PM: INFO: ************* searching customer by emailID **********
11/02/2020 04:17:13 PM: INFO: *************** Test_004_Login *****************
11/02/2020 04:17:13 PM: INFO: ****Started searchCustomerByEmail test ****
11/02/2020 04:17:21 PM: INFO: ***** Login successfully*******
11/02/2020 04:17:21 PM: INFO: ******* Starting Search Customer By Email **********
11/02/2020 04:18:58 PM: INFO: *************** Test_004_Login *****************
11/02/2020 04:18:58 PM: INFO: ****Started searchCustomerByEmail test ****
11/02/2020 04:19:08 PM: INFO: ***** Login successfully*******
11/02/2020 04:19:08 PM: INFO: ******* Starting Search Customer By Email **********
11/02/2020 04:19:39 PM: INFO: *************** Test_004_Login *****************
11/02/2020 04:19:39 PM: INFO: ****Started searchCustomerByEmail test ****
11/02/2020 04:19:48 PM: INFO: ***** Login successfully*******
11/02/2020 04:19:48 PM: INFO: ******* Starting Search Customer By Email **********
11/02/2020 04:19:56 PM: INFO: ****successfully landing on search customer page*********
11/02/2020 04:19:56 PM: INFO: ************* searching customer by emailID **********
11/02/2020 04:22:59 PM: INFO: *************** Test_004_Login *****************
11/02/2020 04:22:59 PM: INFO: ****Started searchCustomerByEmail test ****
11/02/2020 04:23:09 PM: INFO: ***** Login successfully*******
11/02/2020 04:23:09 PM: INFO: ******* Starting Search Customer By Email **********
11/02/2020 04:23:17 PM: INFO: ****successfully landing on search customer page*********
11/02/2020 04:23:17 PM: INFO: ************* searching customer by emailID **********
11/02/2020 04:24:25 PM: INFO: *************** Test_004_Login *****************
11/02/2020 04:24:25 PM: INFO: ****Started searchCustomerByEmail test ****
11/02/2020 04:24:34 PM: INFO: ***** Login successfully*******
11/02/2020 04:24:34 PM: INFO: ******* Starting Search Customer By Email **********
11/02/2020 04:24:40 PM: INFO: ****successfully landing on search customer page*********
11/02/2020 04:24:40 PM: INFO: ************* searching customer by emailID **********
11/02/2020 04:25:30 PM: INFO: *************** Test_004_Login *****************
11/02/2020 04:25:30 PM: INFO: ****Started searchCustomerByEmail test ****
11/02/2020 04:25:39 PM: INFO: ***** Login successfully*******
11/02/2020 04:25:39 PM: INFO: ******* Starting Search Customer By Email **********
11/02/2020 04:25:46 PM: INFO: ****successfully landing on search customer page*********
11/02/2020 04:25:46 PM: INFO: ************* searching customer by emailID **********
11/02/2020 04:29:18 PM: INFO: *************** Test_004_Login *****************
11/02/2020 04:29:18 PM: INFO: ****Started searchCustomerByEmail test ****
11/02/2020 04:29:25 PM: INFO: ***** Login successfully*******
11/02/2020 04:29:25 PM: INFO: ******* Starting Search Customer By Email **********
11/02/2020 04:29:31 PM: INFO: ****successfully landing on search customer page*********
11/02/2020 04:29:31 PM: INFO: ************* searching customer by emailID **********
11/02/2020 04:30:25 PM: INFO: *************** Test_004_Login *****************
11/02/2020 04:30:25 PM: INFO: ****Started searchCustomerByEmail test ****
11/02/2020 04:30:34 PM: INFO: ***** Login successfully*******
11/02/2020 04:30:34 PM: INFO: ******* Starting Search Customer By Email **********
11/02/2020 04:30:40 PM: INFO: ****successfully landing on search customer page*********
11/02/2020 04:30:40 PM: INFO: ************* searching customer by emailID **********
11/02/2020 04:34:35 PM: INFO: *************** Test_004_Login *****************
11/02/2020 04:34:35 PM: INFO: ****Started searchCustomerByEmail test ****
11/02/2020 04:34:44 PM: INFO: ***** Login successfully*******
11/02/2020 04:34:44 PM: INFO: ******* Starting Search Customer By Email **********
11/02/2020 04:34:51 PM: INFO: ****successfully landing on search customer page*********
11/02/2020 04:34:51 PM: INFO: ************* searching customer by emailID **********
11/02/2020 04:37:49 PM: INFO: *************** Test_004_Login *****************
11/02/2020 04:37:49 PM: INFO: ****Started searchCustomerByEmail test ****
11/02/2020 04:37:58 PM: INFO: ***** Login successfully*******
11/02/2020 04:37:58 PM: INFO: ******* Starting Search Customer By Email **********
11/02/2020 04:38:05 PM: INFO: ****successfully landing on search customer page*********
11/02/2020 04:38:05 PM: INFO: ************* searching customer by emailID **********
11/02/2020 04:38:10 PM: INFO: ***************  TC_SearchCustomerByEmail_004 Finished  *********** 
11/02/2020 04:39:14 PM: INFO: *************** Test_004_Login *****************
11/02/2020 04:39:14 PM: INFO: ****Started searchCustomerByEmail test ****
11/02/2020 04:39:21 PM: INFO: ***** Login successfully*******
11/02/2020 04:39:21 PM: INFO: ******* Starting Search Customer By Email **********
11/02/2020 04:39:28 PM: INFO: ****successfully landing on search customer page*********
11/02/2020 04:39:28 PM: INFO: ************* searching customer by emailID **********
11/02/2020 04:39:33 PM: INFO: ***************  TC_SearchCustomerByEmail_004 Finished  *********** 
11/02/2020 04:45:22 PM: INFO: *************** Test_005_Login *****************
11/02/2020 04:45:22 PM: INFO: ****Started searchCustomerByFirstName test ****
11/02/2020 04:45:31 PM: INFO: ***** Login successfully*******
11/02/2020 04:45:31 PM: INFO: ******* Starting Search Customer By Email **********
11/02/2020 04:45:38 PM: INFO: ****successfully landing on search customer page*********
11/02/2020 04:45:38 PM: INFO: ************* searching customer by emailID **********
11/02/2020 04:46:50 PM: INFO: *************** Test_005_Login *****************
11/02/2020 04:46:50 PM: INFO: ****Started searchCustomerByFirstName test ****
11/02/2020 04:46:57 PM: INFO: ***** Login successfully*******
11/02/2020 04:46:57 PM: INFO: ******* Starting Search Customer By Email **********
11/02/2020 04:47:03 PM: INFO: ****successfully landing on search customer page*********
11/02/2020 04:47:03 PM: INFO: ************* searching customer by emailID **********
11/03/2020 08:17:21 AM: INFO: *************** Test_005_Login *****************
11/03/2020 08:17:21 AM: INFO: ****Started searchCustomerByFirstName test ****
11/03/2020 08:17:45 AM: INFO: ***** Login successfully*******
11/03/2020 08:17:45 AM: INFO: ******* Starting Search Customer By Email **********
11/03/2020 08:17:53 AM: INFO: ****successfully landing on search customer page*********
11/03/2020 08:17:53 AM: INFO: ************* searching customer by emailID **********
11/03/2020 08:19:29 AM: INFO: *************** Test_004_Login *****************
11/03/2020 08:19:29 AM: INFO: ****Started searchCustomerByEmail test ****
11/03/2020 08:19:40 AM: INFO: ***** Login successfully*******
11/03/2020 08:19:40 AM: INFO: ******* Starting Search Customer By Email **********
11/03/2020 08:19:46 AM: INFO: ****successfully landing on search customer page*********
11/03/2020 08:19:46 AM: INFO: ************* searching customer by emailID **********
11/03/2020 08:19:52 AM: INFO: ***************  TC_SearchCustomerByEmail_004 Finished  *********** 
11/03/2020 08:24:33 AM: INFO: ******Test_003_addcustomer********
11/03/2020 08:24:42 AM: INFO: ************* Login succesful **********
11/03/2020 08:24:42 AM: INFO: ******* Starting Add Customer Test **********
11/03/2020 08:24:54 AM: INFO: ************* Providing customer info **********
11/03/2020 08:25:12 AM: INFO: ************* Saving customer info **********
11/03/2020 08:25:12 AM: INFO: ********* Add customer validation started ****************
11/03/2020 08:25:12 AM: INFO: ********* Add customer Test Passed *********
11/03/2020 08:25:13 AM: INFO: ******* Ending Add customer test **********
11/03/2020 08:25:16 AM: INFO: *******Test_002_DDT_Login*********
11/03/2020 08:25:16 AM: INFO: ****Started Login Test****
11/03/2020 08:25:30 AM: INFO: ***passed***
11/03/2020 08:25:34 AM: INFO: Login DDt test passed.....
11/03/2020 08:25:34 AM: INFO: ****** End of Login DDT Test*****
11/03/2020 08:25:34 AM: INFO: ******* completed TC_LoginDDT_002*****
11/03/2020 08:25:39 AM: INFO: Login DDt test passed.....
11/03/2020 08:25:39 AM: INFO: ****** End of Login DDT Test*****
11/03/2020 08:25:39 AM: INFO: ******* completed TC_LoginDDT_002*****
11/03/2020 08:25:45 AM: INFO: Login DDt test passed.....
11/03/2020 08:25:45 AM: INFO: ****** End of Login DDT Test*****
11/03/2020 08:25:45 AM: INFO: ******* completed TC_LoginDDT_002*****
11/03/2020 08:25:51 AM: INFO: Login DDt test passed.....
11/03/2020 08:25:51 AM: INFO: ****** End of Login DDT Test*****
11/03/2020 08:25:51 AM: INFO: ******* completed TC_LoginDDT_002*****
11/03/2020 08:25:56 AM: INFO: *************** Test_001_Login *****************
11/03/2020 08:25:56 AM: INFO: ****Started Home page title test ****
11/03/2020 08:25:56 AM: INFO: ****Opening URL****
11/03/2020 08:26:00 AM: INFO: **** Home page title test passed ****
11/03/2020 08:26:04 AM: INFO: ****Started Login Test****
11/03/2020 08:26:12 AM: INFO: ****Login test passed ****
11/03/2020 08:26:20 AM: INFO: *************** Test_004_Login *****************
11/03/2020 08:26:20 AM: INFO: ****Started searchCustomerByEmail test ****
11/03/2020 08:26:28 AM: INFO: ***** Login successfully*******
11/03/2020 08:26:28 AM: INFO: ******* Starting Search Customer By Email **********
11/03/2020 08:26:34 AM: INFO: ****successfully landing on search customer page*********
11/03/2020 08:26:34 AM: INFO: ************* searching customer by emailID **********
11/03/2020 08:26:40 AM: INFO: ***************  TC_SearchCustomerByEmail_004 Finished  *********** 
11/03/2020 08:26:44 AM: INFO: *************** Test_005_Login *****************
11/03/2020 08:26:44 AM: INFO: ****Started searchCustomerByFirstName test ****
11/03/2020 08:26:54 AM: INFO: ***** Login successfully*******
11/03/2020 08:26:54 AM: INFO: ******* Starting Search Customer By Email **********
11/03/2020 08:27:01 AM: INFO: ****successfully landing on search customer page*********
11/03/2020 08:27:01 AM: INFO: ************* searching customer by emailID **********
11/03/2020 08:27:07 AM: INFO: ***************  TC_SearchCustomerByEmail_005 Finished  *********** 
11/03/2020 08:35:45 AM: INFO: ******Test_003_addcustomer********
11/03/2020 08:35:55 AM: INFO: ************* Login succesful **********
11/03/2020 08:35:55 AM: INFO: ******* Starting Add Customer Test **********
11/03/2020 08:36:06 AM: INFO: ************* Providing customer info **********
11/03/2020 08:36:19 AM: INFO: *******Test_002_DDT_Login*********
11/03/2020 08:36:19 AM: INFO: ****Started Login Test****
11/03/2020 08:36:36 AM: INFO: ***passed***
11/03/2020 08:36:38 AM: INFO: Login DDt test passed.....
11/03/2020 08:36:38 AM: INFO: ****** End of Login DDT Test*****
11/03/2020 08:36:38 AM: INFO: ******* completed TC_LoginDDT_002*****
11/03/2020 08:36:44 AM: INFO: Login DDt test passed.....
11/03/2020 08:36:44 AM: INFO: ****** End of Login DDT Test*****
11/03/2020 08:36:44 AM: INFO: ******* completed TC_LoginDDT_002*****
11/03/2020 08:36:52 AM: INFO: Login DDt test passed.....
11/03/2020 08:36:52 AM: INFO: ****** End of Login DDT Test*****
11/03/2020 08:36:52 AM: INFO: ******* completed TC_LoginDDT_002*****
11/03/2020 08:36:57 AM: INFO: Login DDt test passed.....
11/03/2020 08:36:57 AM: INFO: ****** End of Login DDT Test*****
11/03/2020 08:36:57 AM: INFO: ******* completed TC_LoginDDT_002*****
11/03/2020 08:37:12 AM: INFO: *************** Test_001_Login *****************
11/03/2020 08:37:12 AM: INFO: ****Started Home page title test ****
11/03/2020 08:37:12 AM: INFO: ****Opening URL****
11/03/2020 08:37:18 AM: INFO: **** Home page title test passed ****
11/03/2020 08:37:30 AM: INFO: ****Started Login Test****
11/03/2020 08:37:41 AM: INFO: ****Login test passed ****
11/03/2020 08:37:54 AM: INFO: *************** Test_004_Login *****************
11/03/2020 08:37:54 AM: INFO: ****Started searchCustomerByEmail test ****
11/03/2020 08:38:05 AM: INFO: ***** Login successfully*******
11/03/2020 08:38:05 AM: INFO: ******* Starting Search Customer By Email **********
11/03/2020 08:38:16 AM: INFO: ****successfully landing on search customer page*********
11/03/2020 08:38:16 AM: INFO: ************* searching customer by emailID **********
11/03/2020 08:38:24 AM: INFO: ***************  TC_SearchCustomerByEmail_004 Finished  *********** 
11/03/2020 08:38:35 AM: INFO: *************** Test_005_Login *****************
11/03/2020 08:38:35 AM: INFO: ****Started searchCustomerByFirstName test ****
11/03/2020 08:38:48 AM: INFO: ***** Login successfully*******
11/03/2020 08:38:48 AM: INFO: ******* Starting Search Customer By Email **********
11/03/2020 08:38:54 AM: INFO: ****successfully landing on search customer page*********
11/03/2020 08:38:54 AM: INFO: ************* searching customer by emailID **********
11/03/2020 08:39:03 AM: INFO: ***************  TC_SearchCustomerByEmail_005 Finished  *********** 
